/snap/clion/180/bin/cmake/linux/bin/cmake -DCMAKE_BUILD_TYPE=Debug -DCMAKE_MAKE_PROGRAM=/snap/clion/180/bin/ninja/linux/ninja -G Ninja /home/sham/catkin_ws/src/youbot_driver_interface
-- Using CATKIN_DEVEL_PREFIX: /home/sham/catkin_ws/src/youbot_driver_interface/cmake-build-debug/devel
-- Using CMAKE_PREFIX_PATH: 
-- Found PythonInterp: /usr/bin/python3 (found suitable version "3.8.10", minimum required is "3") 
-- Using PYTHON_EXECUTABLE: /usr/bin/python3
-- Using Debian Python package layout
-- Using empy: /usr/lib/python3/dist-packages/em.py
-- Using CATKIN_ENABLE_TESTING: ON
-- Call enable_testing()
-- Using CATKIN_TEST_RESULTS_DIR: /home/sham/catkin_ws/src/youbot_driver_interface/cmake-build-debug/test_results
-- Forcing gtest/gmock from source, though one was otherwise available.
-- Found gtest sources under '/usr/src/googletest': gtests will be built
-- Found gmock sources under '/usr/src/googletest': gmock will be built
CMake Deprecation Warning at /usr/src/googletest/CMakeLists.txt:4 (cmake_minimum_required):
  Compatibility with CMake < 2.8.12 will be removed from a future version of
  CMake.

  Update the VERSION argument <min> value or use a ...<max> suffix to tell
  CMake that the project does not need compatibility with older versions.


CMake Deprecation Warning at /usr/src/googletest/googlemock/CMakeLists.txt:45 (cmake_minimum_required):
  Compatibility with CMake < 2.8.12 will be removed from a future version of
  CMake.

  Update the VERSION argument <min> value or use a ...<max> suffix to tell
  CMake that the project does not need compatibility with older versions.


CMake Deprecation Warning at /usr/src/googletest/googletest/CMakeLists.txt:56 (cmake_minimum_required):
  Compatibility with CMake < 2.8.12 will be removed from a future version of
  CMake.

  Update the VERSION argument <min> value or use a ...<max> suffix to tell
  CMake that the project does not need compatibility with older versions.


-- Found PythonInterp: /usr/bin/python3 (found version "3.8.10") 
-- Using Python nosetests: /usr/bin/nosetests3
-- catkin 0.8.10
-- BUILD_SHARED_LIBS is on
Traceback (most recent call last):
  File "/home/sham/catkin_ws/src/youbot_driver_interface/cmake-build-debug/catkin_generated/generate_cached_setup.py", line 12, in <module>
    from catkin.environment_cache import generate_environment_script
ModuleNotFoundError: No module named 'catkin'

During handling of the above exception, another exception occurred:

Traceback (most recent call last):
  File "/home/sham/catkin_ws/src/youbot_driver_interface/cmake-build-debug/catkin_generated/generate_cached_setup.py", line 20, in <module>
    from catkin.environment_cache import generate_environment_script
ModuleNotFoundError: No module named 'catkin'
CMake Error at /opt/ros/noetic/share/catkin/cmake/safe_execute_process.cmake:11 (message):
  execute_process(/usr/bin/python3
  "/home/sham/catkin_ws/src/youbot_driver_interface/cmake-build-debug/catkin_generated/generate_cached_setup.py")
  returned error code 1
Call Stack (most recent call first):
  /opt/ros/noetic/share/catkin/cmake/all.cmake:208 (safe_execute_process)
  /opt/ros/noetic/share/catkin/cmake/catkinConfig.cmake:20 (include)
  CMakeLists.txt:10 (find_package)


-- Configuring incomplete, errors occurred!
See also "/home/sham/catkin_ws/src/youbot_driver_interface/cmake-build-debug/CMakeFiles/CMakeOutput.log".
See also "/home/sham/catkin_ws/src/youbot_driver_interface/cmake-build-debug/CMakeFiles/CMakeError.log".
